[debug] [2024-06-04T19:27:17.965Z] ----------------------------------------------------------------------
[debug] [2024-06-04T19:27:17.971Z] Command:       C:\Program Files\nodejs\node.exe C:\Users\Umer\AppData\Roaming\npm\node_modules\firebase-tools\lib\bin\firebase.js init
[debug] [2024-06-04T19:27:17.972Z] CLI Version:   13.10.2
[debug] [2024-06-04T19:27:17.973Z] Platform:      win32
[debug] [2024-06-04T19:27:17.973Z] Node Version:  v20.13.1
[debug] [2024-06-04T19:27:17.974Z] Time:          Wed Jun 05 2024 00:27:17 GMT+0500 (Pakistan Standard Time)
[debug] [2024-06-04T19:27:17.974Z] ----------------------------------------------------------------------
[debug] 
[debug] [2024-06-04T19:27:17.987Z] > command requires scopes: ["email","openid","https://www.googleapis.com/auth/cloudplatformprojects.readonly","https://www.googleapis.com/auth/firebase","https://www.googleapis.com/auth/cloud-platform"]
[debug] [2024-06-04T19:27:17.988Z] > authorizing via signed-in user (justfaziii800@gmail.com)
[info] 
     ######## #### ########  ######## ########     ###     ######  ########
     ##        ##  ##     ## ##       ##     ##  ##   ##  ##       ##
     ######    ##  ########  ######   ########  #########  ######  ######
     ##        ##  ##    ##  ##       ##     ## ##     ##       ## ##
     ##       #### ##     ## ######## ########  ##     ##  ######  ########

You're about to initialize a Firebase project in this directory:

  C:\Users\Umer\OneDrive\Desktop\Lab07

[info] 
=== Project Setup
[info] 
[info] First, let's associate this project directory with a Firebase project.
[info] You can create multiple project aliases by running firebase use --add, 
[info] but for now we'll just set up a default project.
[info] 
[debug] [2024-06-04T19:28:06.911Z] >>> [apiv2][query] GET https://firebase.googleapis.com/v1beta1/projects pageSize=100
[debug] [2024-06-04T19:28:07.723Z] <<< [apiv2][status] GET https://firebase.googleapis.com/v1beta1/projects 200
[debug] [2024-06-04T19:28:07.723Z] <<< [apiv2][body] GET https://firebase.googleapis.com/v1beta1/projects [omitted]
[info] i  Using project network-app-b94f0 (network-app) 
[info] 
=== Database Setup
[info] i  database: ensuring required API firebasedatabase.googleapis.com is enabled... 
[debug] [2024-06-04T19:28:10.698Z] >>> [apiv2][query] GET https://serviceusage.googleapis.com/v1/projects/network-app-b94f0/services/firebasedatabase.googleapis.com [none]
[debug] [2024-06-04T19:28:10.699Z] >>> [apiv2][(partial)header] GET https://serviceusage.googleapis.com/v1/projects/network-app-b94f0/services/firebasedatabase.googleapis.com x-goog-quota-user=projects/network-app-b94f0
[debug] [2024-06-04T19:28:12.701Z] <<< [apiv2][status] GET https://serviceusage.googleapis.com/v1/projects/network-app-b94f0/services/firebasedatabase.googleapis.com 200
[debug] [2024-06-04T19:28:12.702Z] <<< [apiv2][body] GET https://serviceusage.googleapis.com/v1/projects/network-app-b94f0/services/firebasedatabase.googleapis.com [omitted]
[warn] !  database: missing required API firebasedatabase.googleapis.com. Enabling now... 
[debug] [2024-06-04T19:28:12.704Z] >>> [apiv2][query] POST https://serviceusage.googleapis.com/v1/projects/network-app-b94f0/services/firebasedatabase.googleapis.com:enable [none]
[debug] [2024-06-04T19:28:12.705Z] >>> [apiv2][(partial)header] POST https://serviceusage.googleapis.com/v1/projects/network-app-b94f0/services/firebasedatabase.googleapis.com:enable x-goog-quota-user=projects/network-app-b94f0
[debug] [2024-06-04T19:28:14.523Z] <<< [apiv2][status] POST https://serviceusage.googleapis.com/v1/projects/network-app-b94f0/services/firebasedatabase.googleapis.com:enable 200
[debug] [2024-06-04T19:28:14.523Z] <<< [apiv2][body] POST https://serviceusage.googleapis.com/v1/projects/network-app-b94f0/services/firebasedatabase.googleapis.com:enable [omitted]
